This is pdfTeX, Version 3.14159265-2.6-1.40.16 (TeX Live 2015) (preloaded format=pdflatex 2016.2.8)  23 MAY 2016 10:15
entering extended mode
 restricted \write18 enabled.
 file:line:error style messages enabled.
 %&-line parsing enabled.
**cybergeo.tex
(./cybergeo.tex
LaTeX2e <2016/02/01>
Babel <3.9o> and hyphenation patterns for 54 language(s) loaded.
(./PresentationHeader.tex (/usr/local/texlive/2015/texmf-dist/tex/latex/beamer/beamer.cls (/usr/local/texlive/2015/texmf-dist/tex/latex/beamer/beamerbasercs.sty
Package: beamerbasercs 2015/03/08 (rcs-revision 368aa9ba9d38)
)
Document Class: beamer 2015/01/05 3.36 A class for typesetting presentations (rcs-revision 8a39122e1f63)
(/usr/local/texlive/2015/texmf-dist/tex/latex/beamer/beamerbasemodes.sty
Package: beamerbasemodes 2013/09/03 (rcs-revision 768f2d98ca64)
\beamer@tempbox=\box26
\beamer@tempcount=\count79
\c@beamerpauses=\count80
 (/usr/local/texlive/2015/texmf-dist/tex/latex/beamer/beamerbasedecode.sty
Package: beamerbasedecode 2010/05/01 (rcs-revision efa082c6111d)
\beamer@slideinframe=\count81
\beamer@minimum=\count82
)
\beamer@commentbox=\box27
\beamer@modecount=\count83
) (/usr/local/texlive/2015/texmf-dist/tex/generic/oberdiek/ifpdf.sty
Package: ifpdf 2011/01/30 v2.3 Provides the ifpdf switch (HO)
Package ifpdf Info: pdfTeX in PDF mode is detected.
)
\headheight=\dimen102
\headdp=\dimen103
\footheight=\dimen104
\sidebarheight=\dimen105
\beamer@tempdim=\dimen106
\beamer@finalheight=\dimen107
\beamer@animht=\dimen108
\beamer@animdp=\dimen109
\beamer@animwd=\dimen110
\beamer@leftmargin=\dimen111
\beamer@rightmargin=\dimen112
\beamer@leftsidebar=\dimen113
\beamer@rightsidebar=\dimen114
\beamer@boxsize=\dimen115
\beamer@vboxoffset=\dimen116
\beamer@descdefault=\dimen117
\beamer@descriptionwidth=\dimen118
\beamer@lastskip=\skip41
\beamer@areabox=\box28
\beamer@animcurrent=\box29
\beamer@animshowbox=\box30
\beamer@sectionbox=\box31
\beamer@logobox=\box32
\beamer@linebox=\box33
\beamer@sectioncount=\count84
\beamer@subsubsectionmax=\count85
\beamer@subsectionmax=\count86
\beamer@sectionmax=\count87
\beamer@totalheads=\count88
\beamer@headcounter=\count89
\beamer@partstartpage=\count90
\beamer@sectionstartpage=\count91
\beamer@subsectionstartpage=\count92
\beamer@animationtempa=\count93
\beamer@animationtempb=\count94
\beamer@xpos=\count95
\beamer@ypos=\count96
\beamer@showpartnumber=\count97
\beamer@currentsubsection=\count98
\beamer@coveringdepth=\count99
\beamer@sectionadjust=\count100
\beamer@tocsectionnumber=\count101
 (/usr/local/texlive/2015/texmf-dist/tex/latex/beamer/beamerbaseoptions.sty
Package: beamerbaseoptions 2013/03/10 (rcs-revision 47431932db0d)
 (/usr/local/texlive/2015/texmf-dist/tex/latex/graphics/keyval.sty
Package: keyval 2014/10/28 v1.15 key=value parser (DPC)
\KV@toks@=\toks14
))
\beamer@paperwidth=\skip42
\beamer@paperheight=\skip43
 (/usr/local/texlive/2015/texmf-dist/tex/latex/geometry/geometry.sty
Package: geometry 2010/09/12 v5.6 Page Geometry
 (/usr/local/texlive/2015/texmf-dist/tex/generic/oberdiek/ifvtex.sty
Package: ifvtex 2010/03/01 v1.5 Detect VTeX and its facilities (HO)
Package ifvtex Info: VTeX not detected.
) (/usr/local/texlive/2015/texmf-dist/tex/generic/ifxetex/ifxetex.sty
Package: ifxetex 2010/09/12 v0.6 Provides ifxetex conditional
)
\Gm@cnth=\count102
\Gm@cntv=\count103
\c@Gm@tempcnt=\count104
\Gm@bindingoffset=\dimen119
\Gm@wd@mp=\dimen120
\Gm@odd@mp=\dimen121
\Gm@even@mp=\dimen122
\Gm@layoutwidth=\dimen123
\Gm@layoutheight=\dimen124
\Gm@layouthoffset=\dimen125
\Gm@layoutvoffset=\dimen126
\Gm@dimlist=\toks15
) (/usr/local/texlive/2015/texmf-dist/tex/latex/base/size10.clo
File: size10.clo 2014/09/29 v1.4h Standard LaTeX file (size option)
) (/usr/local/texlive/2015/texmf-dist/tex/latex/pgf/basiclayer/pgfcore.sty (/usr/local/texlive/2015/texmf-dist/tex/latex/graphics/graphicx.sty
Package: graphicx 2014/10/28 v1.0g Enhanced LaTeX Graphics (DPC,SPQR)
 (/usr/local/texlive/2015/texmf-dist/tex/latex/graphics/graphics.sty
Package: graphics 2016/01/03 v1.0q Standard LaTeX Graphics (DPC,SPQR)
 (/usr/local/texlive/2015/texmf-dist/tex/latex/graphics/trig.sty
Package: trig 2016/01/03 v1.10 sin cos tan (DPC)
) (/usr/local/texlive/2015/texmf-dist/tex/latex/latexconfig/graphics.cfg
File: graphics.cfg 2010/04/23 v1.9 graphics configuration of TeX Live
)
Package graphics Info: Driver file: pdftex.def on input line 95.
 (/usr/local/texlive/2015/texmf-dist/tex/latex/pdftex-def/pdftex.def
File: pdftex.def 2011/05/27 v0.06d Graphics/color for pdfTeX
 (/usr/local/texlive/2015/texmf-dist/tex/generic/oberdiek/infwarerr.sty
Package: infwarerr 2010/04/08 v1.3 Providing info/warning/error messages (HO)
) (/usr/local/texlive/2015/texmf-dist/tex/generic/oberdiek/ltxcmds.sty
Package: ltxcmds 2011/11/09 v1.22 LaTeX kernel commands for general use (HO)
)
\Gread@gobject=\count105
))
\Gin@req@height=\dimen127
\Gin@req@width=\dimen128
) (/usr/local/texlive/2015/texmf-dist/tex/latex/pgf/systemlayer/pgfsys.sty (/usr/local/texlive/2015/texmf-dist/tex/latex/pgf/utilities/pgfrcs.sty (/usr/local/texlive/2015/texmf-dist/tex/generic/pgf/utilities/pgfutil-common.tex
\pgfutil@everybye=\toks16
\pgfutil@tempdima=\dimen129
\pgfutil@tempdimb=\dimen130
 (/usr/local/texlive/2015/texmf-dist/tex/generic/pgf/utilities/pgfutil-common-lists.tex)) (/usr/local/texlive/2015/texmf-dist/tex/generic/pgf/utilities/pgfutil-latex.def
\pgfutil@abb=\box34
 (/usr/local/texlive/2015/texmf-dist/tex/latex/ms/everyshi.sty
Package: everyshi 2001/05/15 v3.00 EveryShipout Package (MS)
)) (/usr/local/texlive/2015/texmf-dist/tex/generic/pgf/utilities/pgfrcs.code.tex
Package: pgfrcs 2015/08/07 v3.0.1a (rcs-revision 1.31)
)) (/usr/local/texlive/2015/texmf-dist/tex/generic/pgf/systemlayer/pgfsys.code.tex
Package: pgfsys 2014/07/09 v3.0.1a (rcs-revision 1.48)
 (/usr/local/texlive/2015/texmf-dist/tex/generic/pgf/utilities/pgfkeys.code.tex
\pgfkeys@pathtoks=\toks17
\pgfkeys@temptoks=\toks18
 (/usr/local/texlive/2015/texmf-dist/tex/generic/pgf/utilities/pgfkeysfiltered.code.tex
\pgfkeys@tmptoks=\toks19
))
\pgf@x=\dimen131
\pgf@y=\dimen132
\pgf@xa=\dimen133
\pgf@ya=\dimen134
\pgf@xb=\dimen135
\pgf@yb=\dimen136
\pgf@xc=\dimen137
\pgf@yc=\dimen138
\w@pgf@writea=\write3
\r@pgf@reada=\read1
\c@pgf@counta=\count106
\c@pgf@countb=\count107
\c@pgf@countc=\count108
\c@pgf@countd=\count109
\t@pgf@toka=\toks20
\t@pgf@tokb=\toks21
\t@pgf@tokc=\toks22
 (/usr/local/texlive/2015/texmf-dist/tex/generic/pgf/systemlayer/pgf.cfg
File: pgf.cfg 2008/05/14  (rcs-revision 1.7)
)
Driver file for pgf: pgfsys-pdftex.def

(/usr/local/texlive/2015/texmf-dist/tex/generic/pgf/systemlayer/pgfsys-pdftex.def
File: pgfsys-pdftex.def 2014/10/11  (rcs-revision 1.35)
 (/usr/local/texlive/2015/texmf-dist/tex/generic/pgf/systemlayer/pgfsys-common-pdf.def
File: pgfsys-common-pdf.def 2013/10/10  (rcs-revision 1.13)
))) (/usr/local/texlive/2015/texmf-dist/tex/generic/pgf/systemlayer/pgfsyssoftpath.code.tex
File: pgfsyssoftpath.code.tex 2013/09/09  (rcs-revision 1.9)
\pgfsyssoftpath@smallbuffer@items=\count110
\pgfsyssoftpath@bigbuffer@items=\count111
) (/usr/local/texlive/2015/texmf-dist/tex/generic/pgf/systemlayer/pgfsysprotocol.code.tex
File: pgfsysprotocol.code.tex 2006/10/16  (rcs-revision 1.4)
)) (/usr/local/texlive/2015/texmf-dist/tex/latex/xcolor/xcolor.sty
Package: xcolor 2007/01/21 v2.11 LaTeX color extensions (UK)
 (/usr/local/texlive/2015/texmf-dist/tex/latex/latexconfig/color.cfg
File: color.cfg 2007/01/18 v1.5 color configuration of teTeX/TeXLive
)
Package xcolor Info: Driver file: pdftex.def on input line 225.
Package xcolor Info: Model `cmy' substituted by `cmy0' on input line 1337.
Package xcolor Info: Model `hsb' substituted by `rgb' on input line 1341.
Package xcolor Info: Model `RGB' extended on input line 1353.
Package xcolor Info: Model `HTML' substituted by `rgb' on input line 1355.
Package xcolor Info: Model `Hsb' substituted by `hsb' on input line 1356.
Package xcolor Info: Model `tHsb' substituted by `hsb' on input line 1357.
Package xcolor Info: Model `HSB' substituted by `hsb' on input line 1358.
Package xcolor Info: Model `Gray' substituted by `gray' on input line 1359.
Package xcolor Info: Model `wave' substituted by `hsb' on input line 1360.
) (/usr/local/texlive/2015/texmf-dist/tex/generic/pgf/basiclayer/pgfcore.code.tex
Package: pgfcore 2010/04/11 v3.0.1a (rcs-revision 1.7)
 (/usr/local/texlive/2015/texmf-dist/tex/generic/pgf/math/pgfmath.code.tex (/usr/local/texlive/2015/texmf-dist/tex/generic/pgf/math/pgfmathcalc.code.tex (/usr/local/texlive/2015/texmf-dist/tex/generic/pgf/math/pgfmathutil.code.tex) (/usr/local/texlive/2015/texmf-dist/tex/generic/pgf/math/pgfmathparser.code.tex
\pgfmath@dimen=\dimen139
\pgfmath@count=\count112
\pgfmath@box=\box35
\pgfmath@toks=\toks23
\pgfmath@stack@operand=\toks24
\pgfmath@stack@operation=\toks25
) (/usr/local/texlive/2015/texmf-dist/tex/generic/pgf/math/pgfmathfunctions.code.tex (/usr/local/texlive/2015/texmf-dist/tex/generic/pgf/math/pgfmathfunctions.basic.code.tex) (/usr/local/texlive/2015/texmf-dist/tex/generic/pgf/math/pgfmathfunctions.trigonometric.code.tex) (/usr/local/texlive/2015/texmf-dist/tex/generic/pgf/math/pgfmathfunctions.random.code.tex) (/usr/local/texlive/2015/texmf-dist/tex/generic/pgf/math/pgfmathfunctions.comparison.code.tex) (/usr/local/texlive/2015/texmf-dist/tex/generic/pgf/math/pgfmathfunctions.base.code.tex) (/usr/local/texlive/2015/texmf-dist/tex/generic/pgf/math/pgfmathfunctions.round.code.tex) (/usr/local/texlive/2015/texmf-dist/tex/generic/pgf/math/pgfmathfunctions.misc.code.tex) (/usr/local/texlive/2015/texmf-dist/tex/generic/pgf/math/pgfmathfunctions.integerarithmetics.code.tex))) (/usr/local/texlive/2015/texmf-dist/tex/generic/pgf/math/pgfmathfloat.code.tex
\c@pgfmathroundto@lastzeros=\count113
)) (/usr/local/texlive/2015/texmf-dist/tex/generic/pgf/basiclayer/pgfcorepoints.code.tex
File: pgfcorepoints.code.tex 2013/10/07  (rcs-revision 1.27)
\pgf@picminx=\dimen140
\pgf@picmaxx=\dimen141
\pgf@picminy=\dimen142
\pgf@picmaxy=\dimen143
\pgf@pathminx=\dimen144
\pgf@pathmaxx=\dimen145
\pgf@pathminy=\dimen146
\pgf@pathmaxy=\dimen147
\pgf@xx=\dimen148
\pgf@xy=\dimen149
\pgf@yx=\dimen150
\pgf@yy=\dimen151
\pgf@zx=\dimen152
\pgf@zy=\dimen153
) (/usr/local/texlive/2015/texmf-dist/tex/generic/pgf/basiclayer/pgfcorepathconstruct.code.tex
File: pgfcorepathconstruct.code.tex 2013/10/07  (rcs-revision 1.29)
\pgf@path@lastx=\dimen154
\pgf@path@lasty=\dimen155
)
(/usr/local/texlive/2015/texmf-dist/tex/generic/pgf/basiclayer/pgfcorepathusage.code.tex
File: pgfcorepathusage.code.tex 2014/11/02  (rcs-revision 1.24)
\pgf@shorten@end@additional=\dimen156
\pgf@shorten@start@additional=\dimen157
) (/usr/local/texlive/2015/texmf-dist/tex/generic/pgf/basiclayer/pgfcorescopes.code.tex
File: pgfcorescopes.code.tex 2015/05/08  (rcs-revision 1.46)
\pgfpic=\box36
\pgf@hbox=\box37
\pgf@layerbox@main=\box38
\pgf@picture@serial@count=\count114
) (/usr/local/texlive/2015/texmf-dist/tex/generic/pgf/basiclayer/pgfcoregraphicstate.code.tex
File: pgfcoregraphicstate.code.tex 2014/11/02  (rcs-revision 1.12)
\pgflinewidth=\dimen158
) (/usr/local/texlive/2015/texmf-dist/tex/generic/pgf/basiclayer/pgfcoretransformations.code.tex
File: pgfcoretransformations.code.tex 2015/08/07  (rcs-revision 1.20)
\pgf@pt@x=\dimen159
\pgf@pt@y=\dimen160
\pgf@pt@temp=\dimen161
) (/usr/local/texlive/2015/texmf-dist/tex/generic/pgf/basiclayer/pgfcorequick.code.tex
File: pgfcorequick.code.tex 2008/10/09  (rcs-revision 1.3)
) (/usr/local/texlive/2015/texmf-dist/tex/generic/pgf/basiclayer/pgfcoreobjects.code.tex
File: pgfcoreobjects.code.tex 2006/10/11  (rcs-revision 1.2)
) (/usr/local/texlive/2015/texmf-dist/tex/generic/pgf/basiclayer/pgfcorepathprocessing.code.tex
File: pgfcorepathprocessing.code.tex 2013/09/09  (rcs-revision 1.9)
) (/usr/local/texlive/2015/texmf-dist/tex/generic/pgf/basiclayer/pgfcorearrows.code.tex
File: pgfcorearrows.code.tex 2015/05/14  (rcs-revision 1.43)
\pgfarrowsep=\dimen162
) (/usr/local/texlive/2015/texmf-dist/tex/generic/pgf/basiclayer/pgfcoreshade.code.tex
File: pgfcoreshade.code.tex 2013/07/15  (rcs-revision 1.15)
\pgf@max=\dimen163
\pgf@sys@shading@range@num=\count115
) (/usr/local/texlive/2015/texmf-dist/tex/generic/pgf/basiclayer/pgfcoreimage.code.tex
File: pgfcoreimage.code.tex 2013/07/15  (rcs-revision 1.18)
 (/usr/local/texlive/2015/texmf-dist/tex/generic/pgf/basiclayer/pgfcoreexternal.code.tex
File: pgfcoreexternal.code.tex 2014/07/09  (rcs-revision 1.21)
\pgfexternal@startupbox=\box39
)) (/usr/local/texlive/2015/texmf-dist/tex/generic/pgf/basiclayer/pgfcorelayers.code.tex
File: pgfcorelayers.code.tex 2013/07/18  (rcs-revision 1.7)
) (/usr/local/texlive/2015/texmf-dist/tex/generic/pgf/basiclayer/pgfcoretransparency.code.tex
File: pgfcoretransparency.code.tex 2013/09/30  (rcs-revision 1.5)
) (/usr/local/texlive/2015/texmf-dist/tex/generic/pgf/basiclayer/pgfcorepatterns.code.tex
File: pgfcorepatterns.code.tex 2013/11/07  (rcs-revision 1.5)
))) (/usr/local/texlive/2015/texmf-dist/tex/latex/pgf/utilities/xxcolor.sty
Package: xxcolor 2003/10/24 ver 0.1
\XC@nummixins=\count116
\XC@countmixins=\count117
) (/usr/local/texlive/2015/texmf-dist/tex/generic/oberdiek/atbegshi.sty
Package: atbegshi 2011/10/05 v1.16 At begin shipout hook (HO)
) (/usr/local/texlive/2015/texmf-dist/tex/latex/hyperref/hyperref.sty
Package: hyperref 2012/11/06 v6.83m Hypertext links for LaTeX
 (/usr/local/texlive/2015/texmf-dist/tex/generic/oberdiek/hobsub-hyperref.sty
Package: hobsub-hyperref 2012/05/28 v1.13 Bundle oberdiek, subset hyperref (HO)
 (/usr/local/texlive/2015/texmf-dist/tex/generic/oberdiek/hobsub-generic.sty
Package: hobsub-generic 2012/05/28 v1.13 Bundle oberdiek, subset generic (HO)
Package: hobsub 2012/05/28 v1.13 Construct package bundles (HO)
Package hobsub Info: Skipping package `infwarerr' (already loaded).
Package hobsub Info: Skipping package `ltxcmds' (already loaded).
Package: ifluatex 2010/03/01 v1.3 Provides the ifluatex switch (HO)
Package ifluatex Info: LuaTeX not detected.
Package hobsub Info: Skipping package `ifvtex' (already loaded).
Package: intcalc 2007/09/27 v1.1 Expandable calculations with integers (HO)
Package hobsub Info: Skipping package `ifpdf' (already loaded).
Package: etexcmds 2011/02/16 v1.5 Avoid name clashes with e-TeX commands (HO)
Package etexcmds Info: Could not find \expanded.
(etexcmds)             That can mean that you are not using pdfTeX 1.50 or
(etexcmds)             that some package has redefined \expanded.
(etexcmds)             In the latter case, load this package earlier.
Package: kvsetkeys 2012/04/25 v1.16 Key value parser (HO)
Package: kvdefinekeys 2011/04/07 v1.3 Define keys (HO)
Package: pdftexcmds 2011/11/29 v0.20 Utility functions of pdfTeX for LuaTeX (HO)
Package pdftexcmds Info: LuaTeX not detected.
Package pdftexcmds Info: \pdf@primitive is available.
Package pdftexcmds Info: \pdf@ifprimitive is available.
Package pdftexcmds Info: \pdfdraftmode found.
Package: pdfescape 2011/11/25 v1.13 Implements pdfTeX's escape features (HO)
Package: bigintcalc 2012/04/08 v1.3 Expandable calculations on big integers (HO)
Package: bitset 2011/01/30 v1.1 Handle bit-vector datatype (HO)
Package: uniquecounter 2011/01/30 v1.2 Provide unlimited unique counter (HO)
)
Package hobsub Info: Skipping package `hobsub' (already loaded).
Package: letltxmacro 2010/09/02 v1.4 Let assignment for LaTeX macros (HO)
Package: hopatch 2012/05/28 v1.2 Wrapper for package hooks (HO)
Package: xcolor-patch 2011/01/30 xcolor patch
Package: atveryend 2011/06/30 v1.8 Hooks at the very end of document (HO)
Package atveryend Info: \enddocument detected (standard20110627).
Package hobsub Info: Skipping package `atbegshi' (already loaded).
Package: refcount 2011/10/16 v3.4 Data extraction from label references (HO)
Package: hycolor 2011/01/30 v1.7 Color options for hyperref/bookmark (HO)
) (/usr/local/texlive/2015/texmf-dist/tex/latex/oberdiek/auxhook.sty
Package: auxhook 2011/03/04 v1.3 Hooks for auxiliary files (HO)
) (/usr/local/texlive/2015/texmf-dist/tex/latex/oberdiek/kvoptions.sty
Package: kvoptions 2011/06/30 v3.11 Key value format for package options (HO)
)
\@linkdim=\dimen164
\Hy@linkcounter=\count118
\Hy@pagecounter=\count119
 (/usr/local/texlive/2015/texmf-dist/tex/latex/hyperref/pd1enc.def
File: pd1enc.def 2012/11/06 v6.83m Hyperref: PDFDocEncoding definition (HO)
)
\Hy@SavedSpaceFactor=\count120
 (/usr/local/texlive/2015/texmf-dist/tex/latex/latexconfig/hyperref.cfg
File: hyperref.cfg 2002/06/06 v1.2 hyperref configuration of TeXLive
)
Package hyperref Info: Option `bookmarks' set `true' on input line 4319.
Package hyperref Info: Option `bookmarksopen' set `true' on input line 4319.
Package hyperref Info: Option `implicit' set `false' on input line 4319.
Package hyperref Info: Hyper figures OFF on input line 4443.
Package hyperref Info: Link nesting OFF on input line 4448.
Package hyperref Info: Hyper index ON on input line 4451.
Package hyperref Info: Plain pages OFF on input line 4458.
Package hyperref Info: Backreferencing OFF on input line 4463.
Package hyperref Info: Implicit mode OFF; no redefinition of LaTeX internals.
Package hyperref Info: Bookmarks ON on input line 4688.
\c@Hy@tempcnt=\count121
 (/usr/local/texlive/2015/texmf-dist/tex/latex/url/url.sty
\Urlmuskip=\muskip10
Package: url 2013/09/16  ver 3.4  Verb mode for urls, etc.
)
LaTeX Info: Redefining \url on input line 5041.
\XeTeXLinkMargin=\dimen165
\Fld@menulength=\count122
\Field@Width=\dimen166
\Fld@charsize=\dimen167
Package hyperref Info: Hyper figures OFF on input line 6295.
Package hyperref Info: Link nesting OFF on input line 6300.
Package hyperref Info: Hyper index ON on input line 6303.
Package hyperref Info: backreferencing OFF on input line 6310.
Package hyperref Info: Link coloring OFF on input line 6315.
Package hyperref Info: Link coloring with OCG OFF on input line 6320.
Package hyperref Info: PDF/A mode OFF on input line 6325.
LaTeX Info: Redefining \ref on input line 6365.
LaTeX Info: Redefining \pageref on input line 6369.
\Hy@abspage=\count123


Package hyperref Message: Stopped early.

)

Package hyperref Message: Driver (autodetected): hpdftex.

(/usr/local/texlive/2015/texmf-dist/tex/latex/hyperref/hpdftex.def
File: hpdftex.def 2012/11/06 v6.83m Hyperref driver for pdfTeX
\Fld@listcount=\count124
\c@bookmark@seq@number=\count125
 (/usr/local/texlive/2015/texmf-dist/tex/latex/oberdiek/rerunfilecheck.sty
Package: rerunfilecheck 2011/04/15 v1.7 Rerun checks for auxiliary files (HO)
Package uniquecounter Info: New unique counter `rerunfilecheck' on input line 282.
)) (/usr/local/texlive/2015/texmf-dist/tex/latex/beamer/beamerbaserequires.sty
Package: beamerbaserequires 2010/05/01  (rcs-revision efa082c6111d)
 (/usr/local/texlive/2015/texmf-dist/tex/latex/beamer/beamerbasecompatibility.sty
Package: beamerbasecompatibility 2012/05/01  (rcs-revision 67c48b3b652d)
) (/usr/local/texlive/2015/texmf-dist/tex/latex/beamer/beamerbasefont.sty
Package: beamerbasefont 2015/01/05  (rcs-revision b4b4bee242e2)
 (/usr/local/texlive/2015/texmf-dist/tex/latex/amsfonts/amssymb.sty
Package: amssymb 2013/01/14 v3.01 AMS font symbols
 (/usr/local/texlive/2015/texmf-dist/tex/latex/amsfonts/amsfonts.sty
Package: amsfonts 2013/01/14 v3.01 Basic AMSFonts support
\@emptytoks=\toks26
\symAMSa=\mathgroup4
\symAMSb=\mathgroup5
LaTeX Font Info:    Overwriting math alphabet `\mathfrak' in version `bold'
(Font)                  U/euf/m/n --> U/euf/b/n on input line 106.
)) (/usr/local/texlive/2015/texmf-dist/tex/latex/sansmathaccent/sansmathaccent.sty
Package: sansmathaccent 2013/03/28
 (/usr/local/texlive/2015/texmf-dist/tex/latex/filehook/filehook.sty
Package: filehook 2011/10/12 v0.5d Hooks for input files
))) (/usr/local/texlive/2015/texmf-dist/tex/latex/beamer/beamerbasetranslator.sty
Package: beamerbasetranslator 2010/06/11  (rcs-revision 85fd1cc7fc42)
 (/usr/local/texlive/2015/texmf-dist/tex/latex/beamer/translator/translator.sty
Package: translator 2010/06/12 ver 1.10
 (/usr/local/texlive/2015/texmf-dist/tex/latex/beamer/translator/translator-language-mappings.tex))) (/usr/local/texlive/2015/texmf-dist/tex/latex/beamer/beamerbasemisc.sty
Package: beamerbasemisc 2013/09/03  (rcs-revision a55719c41d85)
) (/usr/local/texlive/2015/texmf-dist/tex/latex/beamer/beamerbasetwoscreens.sty
Package: beamerbasetwoscreens 2010/05/01  (rcs-revision efa082c6111d)
) (/usr/local/texlive/2015/texmf-dist/tex/latex/beamer/beamerbaseoverlay.sty
Package: beamerbaseoverlay 2013/12/25  (rcs-revision f6bd5e3805da)
\beamer@argscount=\count126
\beamer@lastskipcover=\skip44
\beamer@trivlistdepth=\count127
) (/usr/local/texlive/2015/texmf-dist/tex/latex/beamer/beamerbasetitle.sty
Package: beamerbasetitle 2010/09/21  (rcs-revision f0446ed0b6ae)
) (/usr/local/texlive/2015/texmf-dist/tex/latex/beamer/beamerbasesection.sty
Package: beamerbasesection 2013/06/07  (rcs-revision 60b9fe0f342f)
\c@lecture=\count128
\c@part=\count129
\c@section=\count130
\c@subsection=\count131
\c@subsubsection=\count132
) (/usr/local/texlive/2015/texmf-dist/tex/latex/beamer/beamerbaseframe.sty
Package: beamerbaseframe 2014/02/20  (rcs-revision 4b8ceeeff434)
\beamer@framebox=\box40
\beamer@frametitlebox=\box41
\beamer@zoombox=\box42
\beamer@zoomcount=\count133
\beamer@zoomframecount=\count134
\beamer@frametextheight=\dimen168
\c@subsectionslide=\count135
\beamer@frametopskip=\skip45
\beamer@framebottomskip=\skip46
\beamer@frametopskipautobreak=\skip47
\beamer@framebottomskipautobreak=\skip48
\beamer@envbody=\toks27
\framewidth=\dimen169
\c@framenumber=\count136
) (/usr/local/texlive/2015/texmf-dist/tex/latex/beamer/beamerbaseverbatim.sty
Package: beamerbaseverbatim 2015/01/05  (rcs-revision 431510bb5890)
\beamer@verbatimfileout=\write4
) (/usr/local/texlive/2015/texmf-dist/tex/latex/beamer/beamerbaseframesize.sty
Package: beamerbaseframesize 2011/09/12  (rcs-revision 70f9d8411e54)
\beamer@splitbox=\box43
\beamer@autobreakcount=\count137
\beamer@autobreaklastheight=\dimen170
\beamer@frametitletoks=\toks28
\beamer@framesubtitletoks=\toks29
) (/usr/local/texlive/2015/texmf-dist/tex/latex/beamer/beamerbaseframecomponents.sty
Package: beamerbaseframecomponents 2013/10/18  (rcs-revision 5cf6c5555a45)
\beamer@footins=\box44
) (/usr/local/texlive/2015/texmf-dist/tex/latex/beamer/beamerbasecolor.sty
Package: beamerbasecolor 2015/02/21  (rcs-revision d944b04ee2d5)
) (/usr/local/texlive/2015/texmf-dist/tex/latex/beamer/beamerbasenotes.sty
Package: beamerbasenotes 2012/12/19  (rcs-revision 1686da3db3c9)
\beamer@frameboxcopy=\box45
) (/usr/local/texlive/2015/texmf-dist/tex/latex/beamer/beamerbasetoc.sty
Package: beamerbasetoc 2015/03/08  (rcs-revision 7270298bbaae)
) (/usr/local/texlive/2015/texmf-dist/tex/latex/beamer/beamerbasetemplates.sty
Package: beamerbasetemplates 2010/05/01  (rcs-revision efa082c6111d)
\beamer@sbttoks=\toks30
 (/usr/local/texlive/2015/texmf-dist/tex/latex/beamer/beamerbaseauxtemplates.sty
Package: beamerbaseauxtemplates 2014/06/30  (rcs-revision 580088513a67)

(/usr/local/texlive/2015/texmf-dist/tex/latex/beamer/beamerbaseboxes.sty
Package: beamerbaseboxes 2012/05/13  (rcs-revision 56972908a390)
\bmb@box=\box46
\bmb@colorbox=\box47
\bmb@boxshadow=\box48
\bmb@boxshadowball=\box49
\bmb@boxshadowballlarge=\box50
\bmb@temp=\dimen171
\bmb@dima=\dimen172
\bmb@dimb=\dimen173
\bmb@prevheight=\dimen174
)
\beamer@blockheadheight=\dimen175
)) (/usr/local/texlive/2015/texmf-dist/tex/latex/beamer/beamerbaselocalstructure.sty
Package: beamerbaselocalstructure 2014/09/10  (rcs-revision 393f6dcff371)
 (/usr/local/texlive/2015/texmf-dist/tex/latex/tools/enumerate.sty
Package: enumerate 2015/07/23 v3.00 enumerate extensions (DPC)
\@enLab=\toks31
)
\c@figure=\count138
\c@table=\count139
\abovecaptionskip=\skip49
\belowcaptionskip=\skip50
) (/usr/local/texlive/2015/texmf-dist/tex/latex/beamer/beamerbasenavigation.sty
Package: beamerbasenavigation 2015/02/27  (rcs-revision 923f4bf87efa)
\beamer@section@min@dim=\dimen176
) (/usr/local/texlive/2015/texmf-dist/tex/latex/beamer/beamerbasetheorems.sty
Package: beamerbasetheorems 2010/06/06  (rcs-revision 7e7cc5e53e9d)
 (/usr/local/texlive/2015/texmf-dist/tex/latex/amsmath/amsmath.sty
Package: amsmath 2013/01/14 v2.14 AMS math features
\@mathmargin=\skip51

For additional information on amsmath, use the `?' option.
(/usr/local/texlive/2015/texmf-dist/tex/latex/amsmath/amstext.sty
Package: amstext 2000/06/29 v2.01
 (/usr/local/texlive/2015/texmf-dist/tex/latex/amsmath/amsgen.sty
File: amsgen.sty 1999/11/30 v2.0
\@emptytoks=\toks32
\ex@=\dimen177
)) (/usr/local/texlive/2015/texmf-dist/tex/latex/amsmath/amsbsy.sty
Package: amsbsy 1999/11/29 v1.2d
\pmbraise@=\dimen178
) (/usr/local/texlive/2015/texmf-dist/tex/latex/amsmath/amsopn.sty
Package: amsopn 1999/12/14 v2.01 operator names
)
\inf@bad=\count140
LaTeX Info: Redefining \frac on input line 210.
\uproot@=\count141
\leftroot@=\count142
LaTeX Info: Redefining \overline on input line 306.
\classnum@=\count143
\DOTSCASE@=\count144
LaTeX Info: Redefining \ldots on input line 378.
LaTeX Info: Redefining \dots on input line 381.
LaTeX Info: Redefining \cdots on input line 466.
\Mathstrutbox@=\box51
\strutbox@=\box52
\big@size=\dimen179
LaTeX Font Info:    Redeclaring font encoding OML on input line 566.
LaTeX Font Info:    Redeclaring font encoding OMS on input line 567.
\macc@depth=\count145
\c@MaxMatrixCols=\count146
\dotsspace@=\muskip11
\c@parentequation=\count147
\dspbrk@lvl=\count148
\tag@help=\toks33
\row@=\count149
\column@=\count150
\maxfields@=\count151
\andhelp@=\toks34
\eqnshift@=\dimen180
\alignsep@=\dimen181
\tagshift@=\dimen182
\tagwidth@=\dimen183
\totwidth@=\dimen184
\lineht@=\dimen185
\@envbody=\toks35
\multlinegap=\skip52
\multlinetaggap=\skip53
\mathdisplay@stack=\toks36
LaTeX Info: Redefining \[ on input line 2665.
LaTeX Info: Redefining \] on input line 2666.
) (/usr/local/texlive/2015/texmf-dist/tex/latex/amscls/amsthm.sty
Package: amsthm 2015/03/04 v2.20.2
\thm@style=\toks37
\thm@bodyfont=\toks38
\thm@headfont=\toks39
\thm@notefont=\toks40
\thm@headpunct=\toks41
\thm@preskip=\skip54
\thm@postskip=\skip55
\thm@headsep=\skip56
\dth@everypar=\toks42
)
\c@theorem=\count152
) (/usr/local/texlive/2015/texmf-dist/tex/latex/beamer/beamerbasethemes.sty
Package: beamerbasethemes 2010/05/01  (rcs-revision efa082c6111d)
)) (/usr/local/texlive/2015/texmf-dist/tex/latex/beamer/themes/theme/beamerthemedefault.sty
Package: beamerthemedefault 2010/06/17  (rcs-revision d02a7cf4d8ae)
 (/usr/local/texlive/2015/texmf-dist/tex/latex/beamer/themes/font/beamerfontthemedefault.sty
Package: beamerfontthemedefault 2012/12/19  (rcs-revision 1686da3db3c9)
) (/usr/local/texlive/2015/texmf-dist/tex/latex/beamer/themes/color/beamercolorthemedefault.sty
Package: beamercolorthemedefault 2012/12/19  (rcs-revision 1686da3db3c9)
) (/usr/local/texlive/2015/texmf-dist/tex/latex/beamer/themes/inner/beamerinnerthemedefault.sty
Package: beamerinnerthemedefault 2014/06/30  (rcs-revision 580088513a67)
\beamer@dima=\dimen186
\beamer@dimb=\dimen187
) (/usr/local/texlive/2015/texmf-dist/tex/latex/beamer/themes/outer/beamerouterthemedefault.sty
Package: beamerouterthemedefault 2012/12/19  (rcs-revision 1686da3db3c9)
))) (./GeneralHeader.tex (/usr/local/texlive/2015/texmf-dist/tex/latex/bbm-macros/bbm.sty
Package: bbm 1999/03/15 V 1.2 provides fonts for set symbols - TH
LaTeX Font Info:    Overwriting math alphabet `\mathbbm' in version `bold'
(Font)                  U/bbm/m/n --> U/bbm/bx/n on input line 33.
LaTeX Font Info:    Overwriting math alphabet `\mathbbmss' in version `bold'
(Font)                  U/bbmss/m/n --> U/bbmss/bx/n on input line 35.
) (/usr/local/texlive/2015/texmf-dist/tex/latex/oberdiek/transparent.sty
Package: transparent 2007/01/08 v1.0 Transparency via pdfTeX's color stack (HO)
) (/usr/local/texlive/2015/texmf-dist/tex/latex/eso-pic/eso-pic.sty
Package: eso-pic 2015/07/21 v2.0g eso-pic (RN)
) (/usr/local/texlive/2015/texmf-dist/tex/latex/ms/ragged2e.sty
Package: ragged2e 2009/05/21 v2.1 ragged2e Package (MS)


LaTeX Warning: Command \@arrayparboxrestore  has changed.
               Check if current package is valid.

(/usr/local/texlive/2015/texmf-dist/tex/latex/ms/everysel.sty
Package: everysel 2011/10/28 v1.2 EverySelectfont Package (MS)
) (/usr/local/texlive/2015/texmf-dist/tex/latex/footmisc/footmisc.sty
Package: footmisc 2011/06/06 v5.5b a miscellany of footnote facilities
\FN@temptoken=\toks43
\footnotemargin=\dimen188
\c@pp@next@reset=\count153
Package footmisc Info: Declaring symbol style bringhurst on input line 855.
Package footmisc Info: Declaring symbol style chicago on input line 863.
Package footmisc Info: Declaring symbol style wiley on input line 872.
Package footmisc Info: Declaring symbol style lamport-robust on input line 883.
Package footmisc Info: Declaring symbol style lamport* on input line 903.
Package footmisc Info: Declaring symbol style lamport*-robust on input line 924.
)
\CenteringLeftskip=\skip57
\RaggedLeftLeftskip=\skip58
\RaggedRightLeftskip=\skip59
\CenteringRightskip=\skip60
\RaggedLeftRightskip=\skip61
\RaggedRightRightskip=\skip62
\CenteringParfillskip=\skip63
\RaggedLeftParfillskip=\skip64
\RaggedRightParfillskip=\skip65
\JustifyingParfillskip=\skip66
\CenteringParindent=\skip67
\RaggedLeftParindent=\skip68
\RaggedRightParindent=\skip69
\JustifyingParindent=\skip70
) (/usr/local/texlive/2015/texmf-dist/tex/latex/pagecolor/pagecolor.sty
Package: pagecolor 2015/06/20 v1.0h Provides thepagecolor (HMM)
) (/usr/local/texlive/2015/texmf-dist/tex/generic/ulem/ulem.sty
\UL@box=\box53
\UL@hyphenbox=\box54
\UL@skip=\skip71
\UL@hook=\toks44
\UL@height=\dimen189
\UL@pe=\count154
\UL@pixel=\dimen190
\ULC@box=\box55
Package: ulem 2012/05/18
\ULdepth=\dimen191
) (/usr/local/texlive/2015/texmf-dist/tex/latex/soul/soul.sty
Package: soul 2003/11/17 v2.4 letterspacing/underlining (mf)
\SOUL@word=\toks45
\SOUL@lasttoken=\toks46
\SOUL@cmds=\toks47
\SOUL@buffer=\toks48
\SOUL@token=\toks49
\SOUL@spaceskip=\skip72
\SOUL@ttwidth=\dimen192
\SOUL@uldp=\dimen193
\SOUL@ulht=\dimen194
)) (/usr/local/texlive/2015/texmf-dist/tex/latex/beamer/themes/theme/beamerthemeBoadilla.sty
Package: beamerthemeBoadilla 2010/06/17  (rcs-revision d02a7cf4d8ae)
 (/usr/local/texlive/2015/texmf-dist/tex/latex/beamer/themes/color/beamercolorthemerose.sty
Package: beamercolorthemerose 2010/06/17  (rcs-revision d02a7cf4d8ae)
) (/usr/local/texlive/2015/texmf-dist/tex/latex/beamer/themes/inner/beamerinnerthemerounded.sty
Package: beamerinnerthemerounded 2010/06/17  (rcs-revision d02a7cf4d8ae)
) (/usr/local/texlive/2015/texmf-dist/tex/latex/beamer/themes/color/beamercolorthemedolphin.sty
Package: beamercolorthemedolphin 2010/06/17  (rcs-revision d02a7cf4d8ae)
) (/usr/local/texlive/2015/texmf-dist/tex/latex/beamer/themes/outer/beamerouterthemeinfolines.sty
Package: beamerouterthemeinfolines 2012/10/16  (rcs-revision 51a8c72084af)
)) (/usr/local/texlive/2015/texmf-dist/tex/latex/textpos/textpos.sty
Package: textpos 2014/01/03 v1.7j

Package: textpos 2014/01/03 1.7j, absolute positioning of text on the page
\TP@textbox=\box56
\TPHorizModule=\dimen195
\TPVertModule=\dimen196
\TP@margin=\dimen197
\TP@absmargin=\dimen198
Grid set 16 x 16 = 22.7622pt x 17.07166pt
\TPboxrulesize=\dimen199
\TP@tbargs=\toks50
\TP@prevdepth=\dimen256
) (/Users/Juste/Documents/ComplexSystems/CyberGeo/cybergeo20/HyperNetwork/Docs/20160526_com/.texpadtmp/cybergeo.aux)
\openout1 = `cybergeo.aux'.

LaTeX Font Info:    Checking defaults for OML/cmm/m/it on input line 73.
LaTeX Font Info:    ... okay on input line 73.
LaTeX Font Info:    Checking defaults for T1/cmr/m/n on input line 73.
LaTeX Font Info:    ... okay on input line 73.
LaTeX Font Info:    Checking defaults for OT1/cmr/m/n on input line 73.
LaTeX Font Info:    ... okay on input line 73.
LaTeX Font Info:    Checking defaults for OMS/cmsy/m/n on input line 73.
LaTeX Font Info:    ... okay on input line 73.
LaTeX Font Info:    Checking defaults for OMX/cmex/m/n on input line 73.
LaTeX Font Info:    ... okay on input line 73.
LaTeX Font Info:    Checking defaults for U/cmr/m/n on input line 73.
LaTeX Font Info:    ... okay on input line 73.
LaTeX Font Info:    Checking defaults for PD1/pdf/m/n on input line 73.
LaTeX Font Info:    ... okay on input line 73.

*geometry* driver: auto-detecting
*geometry* detected driver: pdftex
*geometry* verbose mode - [ preamble ] result:
* driver: pdftex
* paper: custom
* layout: <same size as paper>
* layoutoffset:(h,v)=(0.0pt,0.0pt)
* modes: includehead includefoot 
* h-part:(L,W,R)=(10.00002pt, 344.19533pt, 10.00002pt)
* v-part:(T,H,B)=(0.0pt, 273.14662pt, 0.0pt)
* \paperwidth=364.19536pt
* \paperheight=273.14662pt
* \textwidth=344.19533pt
* \textheight=244.6939pt
* \oddsidemargin=-62.26997pt
* \evensidemargin=-62.26997pt
* \topmargin=-72.26999pt
* \headheight=14.22636pt
* \headsep=0.0pt
* \topskip=10.0pt
* \footskip=14.22636pt
* \marginparwidth=3.0pt
* \marginparsep=11.0pt
* \columnsep=10.0pt
* \skip\footins=9.0pt plus 4.0pt minus 2.0pt
* \hoffset=0.0pt
* \voffset=0.0pt
* \mag=1000
* \@twocolumnfalse
* \@twosidefalse
* \@mparswitchfalse
* \@reversemarginfalse
* (1in=72.27pt=25.4mm, 1cm=28.453pt)

(/usr/local/texlive/2015/texmf-dist/tex/context/base/supp-pdf.mkii
[Loading MPS to PDF converter (version 2006.09.02).]
\scratchcounter=\count155
\scratchdimen=\dimen257
\scratchbox=\box57
\nofMPsegments=\count156
\nofMParguments=\count157
\everyMPshowfont=\toks51
\MPscratchCnt=\count158
\MPscratchDim=\dimen258
\MPnumerator=\count159
\makeMPintoPDFobject=\count160
\everyMPtoPDFconversion=\toks52
) (/usr/local/texlive/2015/texmf-dist/tex/latex/oberdiek/epstopdf-base.sty
Package: epstopdf-base 2010/02/09 v2.5 Base part for package epstopdf
 (/usr/local/texlive/2015/texmf-dist/tex/latex/oberdiek/grfext.sty
Package: grfext 2010/08/19 v1.1 Manage graphics extensions (HO)
)
Package grfext Info: Graphics extension search list:
(grfext)             [.png,.pdf,.jpg,.mps,.jpeg,.jbig2,.jb2,.PNG,.PDF,.JPG,.JPEG,.JBIG2,.JB2,.eps]
(grfext)             \AppendGraphicsExtensions on input line 452.
 (/usr/local/texlive/2015/texmf-dist/tex/latex/latexconfig/epstopdf-sys.cfg
File: epstopdf-sys.cfg 2010/07/13 v1.3 Configuration of (r)epstopdf for TeX Live
)) ABD: EveryShipout initializing macros
\AtBeginShipoutBox=\box58
Package hyperref Info: Link coloring OFF on input line 73.
 (/usr/local/texlive/2015/texmf-dist/tex/latex/hyperref/nameref.sty
Package: nameref 2012/10/27 v2.43 Cross-referencing by name of section
 (/usr/local/texlive/2015/texmf-dist/tex/generic/oberdiek/gettitlestring.sty
Package: gettitlestring 2010/12/03 v1.4 Cleanup title references (HO)
)
\c@section@level=\count161
)
LaTeX Info: Redefining \ref on input line 73.
LaTeX Info: Redefining \pageref on input line 73.
LaTeX Info: Redefining \nameref on input line 73.
 (/Users/Juste/Documents/ComplexSystems/CyberGeo/cybergeo20/HyperNetwork/Docs/20160526_com/.texpadtmp/cybergeo.out) (/Users/Juste/Documents/ComplexSystems/CyberGeo/cybergeo20/HyperNetwork/Docs/20160526_com/.texpadtmp/cybergeo.out)
\@outlinefile=\write5
\openout5 = `cybergeo.out'.

LaTeX Font Info:    Overwriting symbol font `operators' in version `normal'
(Font)                  OT1/cmr/m/n --> OT1/cmss/m/n on input line 73.
LaTeX Font Info:    Overwriting symbol font `operators' in version `bold'
(Font)                  OT1/cmr/bx/n --> OT1/cmss/bx/n on input line 73.
\symnumbers=\mathgroup6
\sympureletters=\mathgroup7
LaTeX Font Info:    Overwriting math alphabet `\mathrm' in version `normal'
(Font)                  OT1/cmss/m/n --> OT1/cmr/m/n on input line 73.
LaTeX Font Info:    Redeclaring math alphabet \mathbf on input line 73.
LaTeX Font Info:    Overwriting math alphabet `\mathbf' in version `normal'
(Font)                  OT1/cmr/bx/n --> OT1/cmss/bx/n on input line 73.
LaTeX Font Info:    Overwriting math alphabet `\mathbf' in version `bold'
(Font)                  OT1/cmr/bx/n --> OT1/cmss/bx/n on input line 73.
LaTeX Font Info:    Redeclaring math alphabet \mathsf on input line 73.
LaTeX Font Info:    Overwriting math alphabet `\mathsf' in version `normal'
(Font)                  OT1/cmss/m/n --> OT1/cmss/m/n on input line 73.
LaTeX Font Info:    Overwriting math alphabet `\mathsf' in version `bold'
(Font)                  OT1/cmss/bx/n --> OT1/cmss/m/n on input line 73.
LaTeX Font Info:    Redeclaring math alphabet \mathit on input line 73.
LaTeX Font Info:    Overwriting math alphabet `\mathit' in version `normal'
(Font)                  OT1/cmr/m/it --> OT1/cmss/m/it on input line 73.
LaTeX Font Info:    Overwriting math alphabet `\mathit' in version `bold'
(Font)                  OT1/cmr/bx/it --> OT1/cmss/m/it on input line 73.
LaTeX Font Info:    Redeclaring math alphabet \mathtt on input line 73.
LaTeX Font Info:    Overwriting math alphabet `\mathtt' in version `normal'
(Font)                  OT1/cmtt/m/n --> OT1/cmtt/m/n on input line 73.
LaTeX Font Info:    Overwriting math alphabet `\mathtt' in version `bold'
(Font)                  OT1/cmtt/m/n --> OT1/cmtt/m/n on input line 73.
LaTeX Font Info:    Overwriting symbol font `numbers' in version `bold'
(Font)                  OT1/cmss/m/n --> OT1/cmss/bx/n on input line 73.
LaTeX Font Info:    Overwriting symbol font `pureletters' in version `bold'
(Font)                  OT1/cmss/m/it --> OT1/cmss/bx/it on input line 73.
LaTeX Font Info:    Overwriting math alphabet `\mathrm' in version `bold'
(Font)                  OT1/cmss/bx/n --> OT1/cmr/bx/n on input line 73.
LaTeX Font Info:    Overwriting math alphabet `\mathbf' in version `bold'
(Font)                  OT1/cmss/bx/n --> OT1/cmss/bx/n on input line 73.
LaTeX Font Info:    Overwriting math alphabet `\mathsf' in version `bold'
(Font)                  OT1/cmss/m/n --> OT1/cmss/bx/n on input line 73.
LaTeX Font Info:    Overwriting math alphabet `\mathit' in version `bold'
(Font)                  OT1/cmss/m/it --> OT1/cmss/bx/it on input line 73.
LaTeX Font Info:    Overwriting math alphabet `\mathtt' in version `bold'
(Font)                  OT1/cmtt/m/n --> OT1/cmtt/bx/n on input line 73.
LaTeX Font Info:    Redeclaring symbol font `pureletters' on input line 73.
LaTeX Font Info:    Overwriting symbol font `pureletters' in version `normal'
(Font)                  OT1/cmss/m/it --> OT1/mathkerncmss/m/sl on input line 73.
LaTeX Font Info:    Overwriting symbol font `pureletters' in version `bold'
(Font)                  OT1/cmss/bx/it --> OT1/mathkerncmss/m/sl on input line 73.
LaTeX Font Info:    Overwriting symbol font `pureletters' in version `bold'
(Font)                  OT1/mathkerncmss/m/sl --> OT1/mathkerncmss/bx/sl on input line 73.
 (/usr/local/texlive/2015/texmf-dist/tex/latex/beamer/translator/dicts/translator-basic-dictionary/translator-basic-dictionary-English.dict
Dictionary: translator-basic-dictionary, Language: English 
) (/usr/local/texlive/2015/texmf-dist/tex/latex/beamer/translator/dicts/translator-bibliography-dictionary/translator-bibliography-dictionary-English.dict
Dictionary: translator-bibliography-dictionary, Language: English 
) (/usr/local/texlive/2015/texmf-dist/tex/latex/beamer/translator/dicts/translator-environment-dictionary/translator-environment-dictionary-English.dict
Dictionary: translator-environment-dictionary, Language: English 
) (/usr/local/texlive/2015/texmf-dist/tex/latex/beamer/translator/dicts/translator-months-dictionary/translator-months-dictionary-English.dict
Dictionary: translator-months-dictionary, Language: English 
) (/usr/local/texlive/2015/texmf-dist/tex/latex/beamer/translator/dicts/translator-numbers-dictionary/translator-numbers-dictionary-English.dict
Dictionary: translator-numbers-dictionary, Language: English 
) (/usr/local/texlive/2015/texmf-dist/tex/latex/beamer/translator/dicts/translator-theorem-dictionary/translator-theorem-dictionary-English.dict
Dictionary: translator-theorem-dictionary, Language: English 
)
LaTeX Info: Redefining \includegraphics on input line 73.
Package ragged2e Info: ABD: executing \RaggedRight on input line 73.
 ABD: EverySelectfont initializing macros
LaTeX Info: Redefining \selectfont on input line 73.
 (/Users/Juste/Documents/ComplexSystems/CyberGeo/cybergeo20/HyperNetwork/Docs/20160526_com/.texpadtmp/cybergeo.nav))

Package hyperref Warning: Option `pdfauthor' has already been used,
(hyperref)                setting the option has no effect on input line 7.

LaTeX Font Info:    Try loading font information for U+msa on input line 41.
(/usr/local/texlive/2015/texmf-dist/tex/latex/amsfonts/umsa.fd
File: umsa.fd 2013/01/14 v3.01 AMS symbols A
)
LaTeX Font Info:    Try loading font information for U+msb on input line 41.
 (/usr/local/texlive/2015/texmf-dist/tex/latex/amsfonts/umsb.fd
File: umsb.fd 2013/01/14 v3.01 AMS symbols B
)
LaTeX Font Info:    Try loading font information for OT1+mathkerncmss on input line 41.
 (/usr/local/texlive/2015/texmf-dist/tex/latex/sansmathaccent/ot1mathkerncmss.fd
File: ot1mathkerncmss.fd 2013/03/27 Fontinst v1.933 font definitions for OT1/mathkerncmss.
)

LaTeX Font Warning: Font shape `OT1/cmss/m/n' in size <4> not available
(Font)              size <5> substituted on input line 41.


Overfull \hbox (85.2066pt too wide) has occurred while \output is active
 [][]  \OT1/cmss/m/n/5 ([])  
 []


Overfull \hbox (5.40001pt too wide) has occurred while \output is active
 [][][][]  
 []

[1

{/usr/local/texlive/2015/texmf-var/fonts/map/pdftex/updmap/pdftex.map}]
Missing character: There is no Ã in font cmssbx10!
Missing character: There is no © in font cmssbx10!
 <template/bandeau3.jpg, id=68, 983.71515pt x 160.62007pt>
File: template/bandeau3.jpg Graphic file (type jpg)
 <use template/bandeau3.jpg>
Package pdftex.def Info: template/bandeau3.jpg used on input line 72.
(pdftex.def)             Requested size: 413.03746pt x 42.6793pt.

Overfull \hbox (57.46121pt too wide) in paragraph at lines 72--72
[] []  
 []


Overfull \hbox (85.2066pt too wide) has occurred while \output is active
 [][]  \OT1/cmss/m/n/5 ([])  
 []


Overfull \hbox (5.40001pt too wide) has occurred while \output is active
 [][][][]  
 []

[2

 <./template/bandeau3.jpg>]
File: template/bandeau3.jpg Graphic file (type jpg)
 <use template/bandeau3.jpg>
Package pdftex.def Info: template/bandeau3.jpg used on input line 88.
(pdftex.def)             Requested size: 413.03746pt x 42.6793pt.

Overfull \hbox (57.46121pt too wide) in paragraph at lines 88--88
[] []  
 []


Overfull \hbox (85.2066pt too wide) has occurred while \output is active
 [][]  \OT1/cmss/m/n/5 ([])  
 []


Overfull \hbox (5.40001pt too wide) has occurred while \output is active
 [][][][]  
 []

[3

]
File: template/bandeau3.jpg Graphic file (type jpg)
 <use template/bandeau3.jpg>
Package pdftex.def Info: template/bandeau3.jpg used on input line 114.
(pdftex.def)             Requested size: 413.03746pt x 42.6793pt.

Overfull \hbox (57.46121pt too wide) in paragraph at lines 114--114
[] []  
 []


Overfull \hbox (85.2066pt too wide) has occurred while \output is active
 [][]  \OT1/cmss/m/n/5 ([])  
 []


Overfull \hbox (5.40001pt too wide) has occurred while \output is active
 [][][][]  
 []

[4

] <figures/archi.pdf, id=157, 278.84174pt x 180.675pt>
File: figures/archi.pdf Graphic file (type pdf)
 <use figures/archi.pdf>
Package pdftex.def Info: figures/archi.pdf used on input line 119.
(pdftex.def)             Requested size: 344.19533pt x 223.04219pt.
File: template/bandeau3.jpg Graphic file (type jpg)
 <use template/bandeau3.jpg>
Package pdftex.def Info: template/bandeau3.jpg used on input line 119.
(pdftex.def)             Requested size: 413.03746pt x 42.6793pt.

Overfull \hbox (57.46121pt too wide) in paragraph at lines 119--119
[] []  
 []


Overfull \vbox (30.58762pt too high) detected at line 119
 []


Overfull \hbox (85.2066pt too wide) has occurred while \output is active
 [][]  \OT1/cmss/m/n/5 ([])  
 []


Overfull \hbox (5.40001pt too wide) has occurred while \output is active
 [][][][]  
 []

[5

 <./figures/archi.pdf>] <figures/degreeDistrib.png, id=193, 597.23125pt x 420.57124pt>
File: figures/degreeDistrib.png Graphic file (type png)
 <use figures/degreeDistrib.png>
Package pdftex.def Info: figures/degreeDistrib.png used on input line 140.
(pdftex.def)             Requested size: 275.3573pt x 193.90791pt.
File: template/bandeau3.jpg Graphic file (type jpg)
 <use template/bandeau3.jpg>
Package pdftex.def Info: template/bandeau3.jpg used on input line 140.
(pdftex.def)             Requested size: 413.03746pt x 42.6793pt.

Overfull \hbox (57.46121pt too wide) in paragraph at lines 140--140
[] []  
 []


Overfull \vbox (41.39778pt too high) detected at line 140
 []


Overfull \hbox (85.2066pt too wide) has occurred while \output is active
 [][]  \OT1/cmss/m/n/5 ([])  
 []


Overfull \hbox (5.40001pt too wide) has occurred while \output is active
 [][][][]  
 []

[6

 <./figures/degreeDistrib.png>] <figures/citnw.pdf, id=224, 270.87196pt x 182.10033pt>
File: figures/citnw.pdf Graphic file (type pdf)
 <use figures/citnw.pdf>
Package pdftex.def Info: figures/citnw.pdf used on input line 145.
(pdftex.def)             Requested size: 344.19533pt x 231.41487pt.
File: template/bandeau3.jpg Graphic file (type jpg)
 <use template/bandeau3.jpg>
Package pdftex.def Info: template/bandeau3.jpg used on input line 145.
(pdftex.def)             Requested size: 413.03746pt x 42.6793pt.

Overfull \hbox (57.46121pt too wide) in paragraph at lines 145--145
[] []  
 []


Overfull \vbox (38.9603pt too high) detected at line 145
 []


Overfull \hbox (85.2066pt too wide) has occurred while \output is active
 [][]  \OT1/cmss/m/n/5 ([])  
 []


Overfull \hbox (5.40001pt too wide) has occurred while \output is active
 [][][][]  
 []

[7

 <./figures/citnw.pdf>] <figures/rankSize_fit.pdf, id=261, 597.23125pt x 420.57124pt>
File: figures/rankSize_fit.pdf Graphic file (type pdf)
 <use figures/rankSize_fit.pdf>
Package pdftex.def Info: figures/rankSize_fit.pdf used on input line 156.
(pdftex.def)             Requested size: 178.98303pt x 126.03758pt.
 <figures/rank-size-all.pdf, id=262, 844.15375pt x 597.23125pt>
File: figures/rank-size-all.pdf Graphic file (type pdf)
 <use figures/rank-size-all.pdf>
Package pdftex.def Info: figures/rank-size-all.pdf used on input line 156.
(pdftex.def)             Requested size: 172.09766pt x 121.75883pt.

Overfull \hbox (6.88536pt too wide) in paragraph at lines 156--156
[][][] 
 []

File: template/bandeau3.jpg Graphic file (type jpg)
<use template/bandeau3.jpg>
Package pdftex.def Info: template/bandeau3.jpg used on input line 156.
(pdftex.def)             Requested size: 413.03746pt x 42.6793pt.

Overfull \hbox (57.46121pt too wide) in paragraph at lines 156--156
[] []  
 []


Overfull \hbox (85.2066pt too wide) has occurred while \output is active
 [][]  \OT1/cmss/m/n/5 ([])  
 []


Overfull \hbox (5.40001pt too wide) has occurred while \output is active
 [][][][]  
 []

[8

 <./figures/rankSize_fit.pdf> <./figures/rank-size-all.pdf>] <figures/cybclic_2cyb_13761.pdf, id=300, 650.43pt x 433.62pt>
File: figures/cybclic_2cyb_13761.pdf Graphic file (type pdf)
 <use figures/cybclic_2cyb_13761.pdf>
Package pdftex.def Info: figures/cybclic_2cyb_13761.pdf used on input line 165.
(pdftex.def)             Requested size: 392.90099pt x 261.92444pt.
File: template/bandeau3.jpg Graphic file (type jpg)
 <use template/bandeau3.jpg>
Package pdftex.def Info: template/bandeau3.jpg used on input line 165.
(pdftex.def)             Requested size: 413.03746pt x 42.6793pt.

Overfull \hbox (57.46121pt too wide) in paragraph at lines 165--165
[] []  
 []


Overfull \vbox (41.01712pt too high) detected at line 165
 []


Overfull \hbox (85.2066pt too wide) has occurred while \output is active
 [][]  \OT1/cmss/m/n/5 ([])  
 []


Overfull \hbox (5.40001pt too wide) has occurred while \output is active
 [][][][]  
 []

[9

 <./figures/cybclic_2cyb_13761.pdf>]
Overfull \hbox (8.60954pt too wide) in paragraph at lines 193--193
\OT1/cmss/m/n/10 400000 r^^Sef^^Serences via l'API Mende-ley $\OMS/cmsy/m/n/10 !$ $^^X \OT1/cmss/m/n/10 215000$ r^^Sef^^Serences avec donn^^Sees compl^^Retes. 
 []

<figures/years.pdf, id=332, 597.23125pt x 420.57124pt>
File: figures/years.pdf Graphic file (type pdf)
 <use figures/years.pdf>
Package pdftex.def Info: figures/years.pdf used on input line 193.
(pdftex.def)             Requested size: 137.67014pt x 104.76392pt.
File: template/bandeau3.jpg Graphic file (type jpg)
 <use template/bandeau3.jpg>
Package pdftex.def Info: template/bandeau3.jpg used on input line 193.
(pdftex.def)             Requested size: 413.03746pt x 42.6793pt.

Overfull \hbox (57.46121pt too wide) in paragraph at lines 193--193
[] []  
 []


Overfull \hbox (85.2066pt too wide) has occurred while \output is active
 [][]  \OT1/cmss/m/n/5 ([])  
 []


Overfull \hbox (5.40001pt too wide) has occurred while \output is active
 [][][][]  
 []

[10

 <./figures/years.pdf>]
Missing character: There is no Ã in font cmss10!
Missing character: There is no § in font cmss10!
Missing character: There is no Ã in font cmss10!
Missing character: There is no © in font cmss10!
File: template/bandeau3.jpg Graphic file (type jpg)
 <use template/bandeau3.jpg>
Package pdftex.def Info: template/bandeau3.jpg used on input line 215.
(pdftex.def)             Requested size: 413.03746pt x 42.6793pt.

Overfull \hbox (57.46121pt too wide) in paragraph at lines 215--215
[] []  
 []


Overfull \hbox (85.2066pt too wide) has occurred while \output is active
 [][]  \OT1/cmss/m/n/5 ([])  
 []


Overfull \hbox (5.40001pt too wide) has occurred while \output is active
 [][][][]  
 []

[11

]
File: template/bandeau3.jpg Graphic file (type jpg)
 <use template/bandeau3.jpg>
Package pdftex.def Info: template/bandeau3.jpg used on input line 242.
(pdftex.def)             Requested size: 413.03746pt x 42.6793pt.

Overfull \hbox (57.46121pt too wide) in paragraph at lines 242--242
[] []  
 []


Overfull \hbox (85.2066pt too wide) has occurred while \output is active
 [][]  \OT1/cmss/m/n/5 ([])  
 []


Overfull \hbox (5.40001pt too wide) has occurred while \output is active
 [][][][]  
 []

[12

] <figures/sensitivity_facet_allindics.pdf, id=434, 2168.1pt x 1445.4pt>
File: figures/sensitivity_facet_allindics.pdf Graphic file (type pdf)
 <use figures/sensitivity_facet_allindics.pdf>
Package pdftex.def Info: figures/sensitivity_facet_allindics.pdf used on input line 286.
(pdftex.def)             Requested size: 240.93567pt x 160.6045pt.
File: template/bandeau3.jpg Graphic file (type jpg)
 <use template/bandeau3.jpg>
Package pdftex.def Info: template/bandeau3.jpg used on input line 286.
(pdftex.def)             Requested size: 413.03746pt x 42.6793pt.

Overfull \hbox (57.46121pt too wide) in paragraph at lines 286--286
[] []  
 []


Overfull \vbox (34.64993pt too high) detected at line 286
 []


Overfull \hbox (85.2066pt too wide) has occurred while \output is active
 [][]  \OT1/cmss/m/n/5 ([])  
 []


Overfull \hbox (5.40001pt too wide) has occurred while \output is active
 [][][][]  
 []

[13

 <./figures/sensitivity_facet_allindics.pdf>]
File: template/bandeau3.jpg Graphic file (type jpg)
 <use template/bandeau3.jpg>
Package pdftex.def Info: template/bandeau3.jpg used on input line 311.
(pdftex.def)             Requested size: 413.03746pt x 42.6793pt.

Overfull \hbox (57.46121pt too wide) in paragraph at lines 311--311
[] []  
 []


Overfull \hbox (85.2066pt too wide) has occurred while \output is active
 [][]  \OT1/cmss/m/n/5 ([])  
 []


Overfull \hbox (5.40001pt too wide) has occurred while \output is active
 [][][][]  
 []

[14

]
File: template/bandeau3.jpg Graphic file (type jpg)
 <use template/bandeau3.jpg>
Package pdftex.def Info: template/bandeau3.jpg used on input line 327.
(pdftex.def)             Requested size: 413.03746pt x 42.6793pt.

Overfull \hbox (57.46121pt too wide) in paragraph at lines 327--327
[] []  
 []


Overfull \hbox (85.2066pt too wide) has occurred while \output is active
 [][]  \OT1/cmss/m/n/5 ([])  
 []


Overfull \hbox (5.40001pt too wide) has occurred while \output is active
 [][][][]  
 []

[15

] <figures/semantic.png, id=566, 2890.8pt x 2890.8pt>
File: figures/semantic.png Graphic file (type png)
 <use figures/semantic.png>
Package pdftex.def Info: figures/semantic.png used on input line 336.
(pdftex.def)             Requested size: 235.72383pt x 235.7304pt.
File: template/bandeau3.jpg Graphic file (type jpg)
 <use template/bandeau3.jpg>
Package pdftex.def Info: template/bandeau3.jpg used on input line 336.
(pdftex.def)             Requested size: 413.03746pt x 42.6793pt.

Overfull \hbox (57.46121pt too wide) in paragraph at lines 336--336
[] []  
 []


Overfull \vbox (43.27582pt too high) detected at line 336
 []


Overfull \hbox (85.2066pt too wide) has occurred while \output is active
 [][]  \OT1/cmss/m/n/5 ([])  
 []


Overfull \hbox (5.40001pt too wide) has occurred while \output is active
 [][][][]  
 []

[16

 <./figures/semantic.png>] <figures/synththemcyb.pdf, id=594, 722.7pt x 722.7pt>
File: figures/synththemcyb.pdf Graphic file (type pdf)
 <use figures/synththemcyb.pdf>
Package pdftex.def Info: figures/synththemcyb.pdf used on input line 344.
(pdftex.def)             Requested size: 235.72383pt x 235.7304pt.
File: template/bandeau3.jpg Graphic file (type jpg)
 <use template/bandeau3.jpg>
Package pdftex.def Info: template/bandeau3.jpg used on input line 344.
(pdftex.def)             Requested size: 413.03746pt x 42.6793pt.

Overfull \hbox (57.46121pt too wide) in paragraph at lines 344--344
[] []  
 []


Overfull \vbox (43.27582pt too high) detected at line 344
 []


Overfull \hbox (85.2066pt too wide) has occurred while \output is active
 [][]  \OT1/cmss/m/n/5 ([])  
 []


Overfull \hbox (5.40001pt too wide) has occurred while \output is active
 [][][][]  
 []

[17

 <./figures/synththemcyb.pdf>] <figures/citation.pdf, id=733, 722.7pt x 722.7pt>
File: figures/citation.pdf Graphic file (type pdf)
 <use figures/citation.pdf>
Package pdftex.def Info: figures/citation.pdf used on input line 353.
(pdftex.def)             Requested size: 235.72383pt x 235.7304pt.
File: template/bandeau3.jpg Graphic file (type jpg)
 <use template/bandeau3.jpg>
Package pdftex.def Info: template/bandeau3.jpg used on input line 353.
(pdftex.def)             Requested size: 413.03746pt x 42.6793pt.

Overfull \hbox (57.46121pt too wide) in paragraph at lines 353--353
[] []  
 []


Overfull \vbox (43.27582pt too high) detected at line 353
 []


Overfull \hbox (85.2066pt too wide) has occurred while \output is active
 [][]  \OT1/cmss/m/n/5 ([])  
 []


Overfull \hbox (5.40001pt too wide) has occurred while \output is active
 [][][][]  
 []

[18

 <./figures/citation.pdf>] <figures/firstorder_int.pdf, id=1676, 844.15375pt x 597.23125pt>
File: figures/firstorder_int.pdf Graphic file (type pdf)
 <use figures/firstorder_int.pdf>
Package pdftex.def Info: figures/firstorder_int.pdf used on input line 372.
(pdftex.def)             Requested size: 172.09766pt x 121.75883pt.
File: template/bandeau3.jpg Graphic file (type jpg)
 <use template/bandeau3.jpg>
Package pdftex.def Info: template/bandeau3.jpg used on input line 372.
(pdftex.def)             Requested size: 413.03746pt x 42.6793pt.

Overfull \hbox (57.46121pt too wide) in paragraph at lines 372--372
[] []  
 []


Overfull \vbox (8.74883pt too high) detected at line 372
 []


Overfull \hbox (85.2066pt too wide) has occurred while \output is active
 [][]  \OT1/cmss/m/n/5 ([])  
 []


Overfull \hbox (5.40001pt too wide) has occurred while \output is active
 [][][][]  
 []

[19

 <./figures/firstorder_int.pdf>]
Missing character: There is no Ã in font cmss10!
Missing character: There is no   in font cmss10!
File: template/bandeau3.jpg Graphic file (type jpg)
 <use template/bandeau3.jpg>
Package pdftex.def Info: template/bandeau3.jpg used on input line 411.
(pdftex.def)             Requested size: 413.03746pt x 42.6793pt.

Overfull \hbox (57.46121pt too wide) in paragraph at lines 411--411
[] []  
 []


Overfull \hbox (85.2066pt too wide) has occurred while \output is active
 [][]  \OT1/cmss/m/n/5 ([])  
 []


Overfull \hbox (5.40001pt too wide) has occurred while \output is active
 [][][][]  
 []

[20

]
File: template/bandeau3.jpg Graphic file (type jpg)
 <use template/bandeau3.jpg>
Package pdftex.def Info: template/bandeau3.jpg used on input line 439.
(pdftex.def)             Requested size: 413.03746pt x 42.6793pt.

Overfull \hbox (57.46121pt too wide) in paragraph at lines 439--439
[] []  
 []


Overfull \hbox (85.2066pt too wide) has occurred while \output is active
 [][]  \OT1/cmss/m/n/5 ([])  
 []


Overfull \hbox (5.40001pt too wide) has occurred while \output is active
 [][][][]  
 []

[21

]

LaTeX Warning: Citation `raimbault2015user' on page 22 undefined on input line 461.

<figures/velib.png, id=1766, 804.00375pt x 498.86375pt>
File: figures/velib.png Graphic file (type png)
 <use figures/velib.png>
Package pdftex.def Info: figures/velib.png used on input line 461.
(pdftex.def)             Requested size: 240.93567pt x 149.49281pt.
File: template/bandeau3.jpg Graphic file (type jpg)
 <use template/bandeau3.jpg>
Package pdftex.def Info: template/bandeau3.jpg used on input line 461.
(pdftex.def)             Requested size: 413.03746pt x 42.6793pt.

Overfull \hbox (57.46121pt too wide) in paragraph at lines 461--461
[] []  
 []


Overfull \vbox (11.53824pt too high) detected at line 461
 []


Overfull \hbox (85.2066pt too wide) has occurred while \output is active
 [][]  \OT1/cmss/m/n/5 ([])  
 []


Overfull \hbox (5.40001pt too wide) has occurred while \output is active
 [][][][]  
 []

[22

 <./figures/velib.png>] <figures/screen_appli.png, id=1794, 1192.455pt x 796.9775pt>
File: figures/screen_appli.png Graphic file (type png)
 <use figures/screen_appli.png>
Package pdftex.def Info: figures/screen_appli.png used on input line 481.
(pdftex.def)             Requested size: 275.3573pt x 184.03061pt.
File: template/bandeau3.jpg Graphic file (type jpg)
 <use template/bandeau3.jpg>
Package pdftex.def Info: template/bandeau3.jpg used on input line 481.
(pdftex.def)             Requested size: 413.03746pt x 42.6793pt.

Overfull \hbox (57.46121pt too wide) in paragraph at lines 481--481
[] []  
 []


Overfull \vbox (42.07603pt too high) detected at line 481
 []


Overfull \hbox (85.2066pt too wide) has occurred while \output is active
 [][]  \OT1/cmss/m/n/5 ([])  
 []


Overfull \hbox (5.40001pt too wide) has occurred while \output is active
 [][][][]  
 []

[23

 <./figures/screen_appli.png>] <figures/betweeness-cyb.pdf, id=1822, 597.23125pt x 420.57124pt>
File: figures/betweeness-cyb.pdf Graphic file (type pdf)
 <use figures/betweeness-cyb.pdf>
Package pdftex.def Info: figures/betweeness-cyb.pdf used on input line 495.
(pdftex.def)             Requested size: 172.09766pt x 121.19244pt.
 <figures/betweeness.pdf, id=1823, 597.23125pt x 420.57124pt>
File: figures/betweeness.pdf Graphic file (type pdf)
 <use figures/betweeness.pdf>
Package pdftex.def Info: figures/betweeness.pdf used on input line 495.
(pdftex.def)             Requested size: 172.09766pt x 121.19244pt.

Overfull \hbox (0.41602pt too wide) in paragraph at lines 495--495
[]\OT1/cmss/m/it/10 Centralit^^Ses faibles (rq : im-pos-si-bilit^^Se des clus-ters forts pour des ci-ta-tions car causalit^^Se
 []

File: template/bandeau3.jpg Graphic file (type jpg)
<use template/bandeau3.jpg>
Package pdftex.def Info: template/bandeau3.jpg used on input line 495.
(pdftex.def)             Requested size: 413.03746pt x 42.6793pt.

Overfull \hbox (57.46121pt too wide) in paragraph at lines 495--495
[] []  
 []


Overfull \hbox (85.2066pt too wide) has occurred while \output is active
 [][]  \OT1/cmss/m/n/5 ([])  
 []


Overfull \hbox (5.40001pt too wide) has occurred while \output is active
 [][][][]  
 []

[24

 <./figures/betweeness-cyb.pdf> <./figures/betweeness.pdf>] <figures/clusterSize.pdf, id=1862, 597.23125pt x 420.57124pt>
File: figures/clusterSize.pdf Graphic file (type pdf)
 <use figures/clusterSize.pdf>
Package pdftex.def Info: figures/clusterSize.pdf used on input line 504.
(pdftex.def)             Requested size: 172.09766pt x 121.19244pt.
 <figures/pathlength.pdf, id=1863, 597.23125pt x 420.57124pt>
File: figures/pathlength.pdf Graphic file (type pdf)
 <use figures/pathlength.pdf>
Package pdftex.def Info: figures/pathlength.pdf used on input line 504.
(pdftex.def)             Requested size: 172.09766pt x 121.19244pt.
File: template/bandeau3.jpg Graphic file (type jpg)
 <use template/bandeau3.jpg>
Package pdftex.def Info: template/bandeau3.jpg used on input line 504.
(pdftex.def)             Requested size: 413.03746pt x 42.6793pt.

Overfull \hbox (57.46121pt too wide) in paragraph at lines 504--504
[] []  
 []


Overfull \hbox (85.2066pt too wide) has occurred while \output is active
 [][]  \OT1/cmss/m/n/5 ([])  
 []


Overfull \hbox (5.40001pt too wide) has occurred while \output is active
 [][][][]  
 []

[25

 <./figures/clusterSize.pdf> <./figures/pathlength.pdf>] <figures/cybclic_2cyb_12817.pdf, id=1904, 650.43pt x 433.62pt>
File: figures/cybclic_2cyb_12817.pdf Graphic file (type pdf)
 <use figures/cybclic_2cyb_12817.pdf>
Package pdftex.def Info: figures/cybclic_2cyb_12817.pdf used on input line 511.
(pdftex.def)             Requested size: 392.90099pt x 261.92444pt.

Overfull \hbox (48.70566pt too wide) in paragraph at lines 511--511
[][] 
 []

File: template/bandeau3.jpg Graphic file (type jpg)
<use template/bandeau3.jpg>
Package pdftex.def Info: template/bandeau3.jpg used on input line 511.
(pdftex.def)             Requested size: 413.03746pt x 42.6793pt.

Overfull \hbox (57.46121pt too wide) in paragraph at lines 511--511
[] []  
 []


Overfull \vbox (69.46986pt too high) detected at line 511
 []


Overfull \hbox (85.2066pt too wide) has occurred while \output is active
 [][]  \OT1/cmss/m/n/5 ([])  
 []


Overfull \hbox (5.40001pt too wide) has occurred while \output is active
 [][][][]  
 []

[26

 <./figures/cybclic_2cyb_12817.pdf>]
Missing character: There is no Ã in font cmss10!
Missing character: There is no ¹ in font cmss10!
Missing character: There is no Ã in font cmss10!
Missing character: There is no © in font cmss10!
File: template/bandeau3.jpg Graphic file (type jpg)
 <use template/bandeau3.jpg>
Package pdftex.def Info: template/bandeau3.jpg used on input line 526.
(pdftex.def)             Requested size: 413.03746pt x 42.6793pt.

Overfull \hbox (57.46121pt too wide) in paragraph at lines 526--526
[] []  
 []


Overfull \hbox (85.2066pt too wide) has occurred while \output is active
 [][]  \OT1/cmss/m/n/5 ([])  
 []


Overfull \hbox (5.40001pt too wide) has occurred while \output is active
 [][][][]  
 []

[27

] (/Users/Juste/Documents/ComplexSystems/CyberGeo/cybergeo20/HyperNetwork/Docs/20160526_com/.texpadtmp/cybergeo.bbl)
File: template/bandeau3.jpg Graphic file (type jpg)
 <use template/bandeau3.jpg>
Package pdftex.def Info: template/bandeau3.jpg used on input line 543.
(pdftex.def)             Requested size: 413.03746pt x 42.6793pt.

Overfull \hbox (57.46121pt too wide) in paragraph at lines 543--543
[] []  
 []


Overfull \hbox (85.2066pt too wide) has occurred while \output is active
 [][]  \OT1/cmss/m/n/5 ([])  
 []


Overfull \hbox (5.40001pt too wide) has occurred while \output is active
 [][][][]  
 []

[28

 </usr/local/texlive/2015/texmf-dist/tex/latex/beamer/art/beamericonarticle.pdf>]
File: template/bandeau3.jpg Graphic file (type jpg)
 <use template/bandeau3.jpg>
Package pdftex.def Info: template/bandeau3.jpg used on input line 543.
(pdftex.def)             Requested size: 413.03746pt x 42.6793pt.

Overfull \hbox (57.46121pt too wide) in paragraph at lines 543--543
[] []  
 []


Overfull \hbox (85.2066pt too wide) has occurred while \output is active
 [][]  \OT1/cmss/m/n/5 ([])  
 []


Overfull \hbox (5.40001pt too wide) has occurred while \output is active
 [][][][]  
 []

[29


]
File: template/bandeau3.jpg Graphic file (type jpg)
 <use template/bandeau3.jpg>
Package pdftex.def Info: template/bandeau3.jpg used on input line 543.
(pdftex.def)             Requested size: 413.03746pt x 42.6793pt.

Overfull \hbox (57.46121pt too wide) in paragraph at lines 543--543
[] []  
 []


Overfull \hbox (85.2066pt too wide) has occurred while \output is active
 [][]  \OT1/cmss/m/n/5 ([])  
 []


Overfull \hbox (5.40001pt too wide) has occurred while \output is active
 [][][][]  
 []

[30


]
\tf@nav=\write6
\openout6 = `cybergeo.nav'.

\tf@toc=\write7
\openout7 = `cybergeo.toc'.

\tf@snm=\write8
\openout8 = `cybergeo.snm'.

Package atveryend Info: Empty hook `BeforeClearDocument' on input line 552.
Package atveryend Info: Empty hook `AfterLastShipout' on input line 552.
 (/Users/Juste/Documents/ComplexSystems/CyberGeo/cybergeo20/HyperNetwork/Docs/20160526_com/.texpadtmp/cybergeo.aux)
Package atveryend Info: Executing hook `AtVeryEndDocument' on input line 552.
Package atveryend Info: Executing hook `AtEndAfterFileList' on input line 552.
Package rerunfilecheck Info: File `cybergeo.out' has not changed.
(rerunfilecheck)             Checksum: <no file>.


LaTeX Font Warning: Size substitutions with differences
(Font)              up to 1.0pt have occurred.


LaTeX Warning: There were undefined references.

Package atveryend Info: Empty hook `AtVeryVeryEnd' on input line 552.
 ) 
Here is how much of TeX's memory you used:
 17749 strings out of 493615
 342676 string characters out of 6151290
 409522 words of memory out of 5000000
 20706 multiletter control sequences out of 15000+600000
 10446 words of font info for 40 fonts, out of 8000000 for 9000
 805 hyphenation exceptions out of 8191
 58i,18n,61p,419b,561s stack positions out of 5000i,500n,10000p,200000b,80000s
</usr/local/texlive/2015/texmf-dist/fonts/type1/public/amsfonts/cm/cmex10.pfb></usr/local/texlive/2015/texmf-dist/fonts/type1/public/amsfonts/cm/cmitt10.pfb></usr/local/texlive/2015/texmf-dist/fonts/type1/public/amsfonts/cm/cmmi10.pfb></usr/local/texlive/2015/texmf-dist/fonts/type1/public/amsfonts/cm/cmmi5.pfb></usr/local/texlive/2015/texmf-dist/fonts/type1/public/amsfonts/cm/cmmi7.pfb></usr/local/texlive/2015/texmf-dist/fonts/type1/public/amsfonts/cm/cmr10.pfb></usr/local/texlive/2015/texmf-dist/fonts/type1/public/amsfonts/cm/cmss10.pfb></usr/local/texlive/2015/texmf-dist/fonts/type1/public/amsfonts/cm/cmss12.pfb></usr/local/texlive/2015/texmf-dist/fonts/type1/public/amsfonts/cm/cmss8.pfb></usr/local/texlive/2015/texmf-dist/fonts/type1/public/amsfonts/cm/cmss9.pfb></usr/local/texlive/2015/texmf-dist/fonts/type1/public/amsfonts/cm/cmssbx10.pfb></usr/local/texlive/2015/texmf-dist/fonts/type1/public/amsfonts/cm/cmssi10.pfb></usr/local/texlive/2015/texmf-dist/fonts/type1/public/amsfonts/cm/cmssi12.pfb></usr/local/texlive/2015/texmf-dist/fonts/type1/public/amsfonts/cm/cmssi8.pfb></usr/local/texlive/2015/texmf-dist/fonts/type1/public/amsfonts/cm/cmsy10.pfb></usr/local/texlive/2015/texmf-dist/fonts/type1/public/amsfonts/cm/cmsy7.pfb></usr/local/texlive/2015/texmf-dist/fonts/type1/public/amsfonts/cm/cmti10.pfb></usr/local/texlive/2015/texmf-dist/fonts/type1/public/amsfonts/cm/cmti12.pfb></usr/local/texlive/2015/texmf-dist/fonts/type1/public/amsfonts/cm/cmtt10.pfb></usr/local/texlive/2015/texmf-dist/fonts/type1/public/amsfonts/cm/cmtt8.pfb></usr/local/texlive/2015/texmf-dist/fonts/type1/public/amsfonts/cm/cmtt9.pfb></usr/local/texlive/2015/texmf-dist/fonts/type1/public/amsfonts/symbols/msam5.pfb>
Output written on /Users/Juste/Documents/ComplexSystems/CyberGeo/cybergeo20/HyperNetwork/Docs/20160526_com/.texpadtmp/cybergeo.pdf (30 pages, 13584515 bytes).
PDF statistics:
 2132 PDF objects out of 2487 (max. 8388607)
 1966 compressed objects within 20 object streams
 73 named destinations out of 1000 (max. 500000)
 189 words of extra memory for PDF output out of 10000 (max. 10000000)

